!SESSION 2023-05-22 16:53:49.636 -----------------------------------------------
eclipse.buildId=4.27.0.20230309-1200
java.version=17.0.6
java.vendor=Eclipse Adoptium
BootLoader constants: OS=win32, ARCH=x86_64, WS=win32, NL=en_IN
Framework arguments:  -product org.eclipse.epp.package.jee.product -product org.eclipse.epp.package.jee.product -product org.eclipse.epp.package.jee.product
Command-line arguments:  -os win32 -ws win32 -arch x86_64 -product org.eclipse.epp.package.jee.product -product org.eclipse.epp.package.jee.product -data C:\Users\H Prasannakumar\Desktop\servlet_crud1 -product org.eclipse.epp.package.jee.product

!ENTRY ch.qos.logback.classic 1 0 2023-05-22 16:53:50.744
!MESSAGE Activated before the state location was initialized. Retry after the state location is initialized.

!ENTRY ch.qos.logback.classic 1 0 2023-05-22 16:53:51.855
!MESSAGE Logback config file: C:\Users\H Prasannakumar\Desktop\servlet_crud1\.metadata\.plugins\org.eclipse.m2e.logback\logback.2.1.100.20230106-1511.xml

!ENTRY org.eclipse.jface 2 0 2023-05-22 16:53:53.821
!MESSAGE Keybinding conflicts occurred.  They may interfere with normal accelerator operation.
!SUBENTRY 1 org.eclipse.jface 2 0 2023-05-22 16:53:53.821
!MESSAGE A conflict occurred for CTRL+SHIFT+T:
Binding(CTRL+SHIFT+T,
	ParameterizedCommand(Command(org.eclipse.jdt.ui.navigate.open.type,Open Type,
		Open a type in a Java editor,
		Category(org.eclipse.ui.category.navigate,Navigate,null,true),
		WorkbenchHandlerServiceHandler("org.eclipse.jdt.ui.navigate.open.type"),
		,,true),null),
	org.eclipse.ui.defaultAcceleratorConfiguration,
	org.eclipse.ui.contexts.window,,,system)
Binding(CTRL+SHIFT+T,
	ParameterizedCommand(Command(org.eclipse.lsp4e.symbolinworkspace,Go to Symbol in Workspace,
		,
		Category(org.eclipse.lsp4e.category,Language Servers,null,true),
		WorkbenchHandlerServiceHandler("org.eclipse.lsp4e.symbolinworkspace"),
		,,true),null),
	org.eclipse.ui.defaultAcceleratorConfiguration,
	org.eclipse.ui.contexts.window,,,system)
!SUBENTRY 1 org.eclipse.jface 2 0 2023-05-22 16:53:53.821
!MESSAGE A conflict occurred for ALT+SHIFT+R:
Binding(ALT+SHIFT+R,
	ParameterizedCommand(Command(org.eclipse.jdt.ui.edit.text.java.rename.element,Rename - Refactoring ,
		Rename the selected element,
		Category(org.eclipse.jdt.ui.category.refactoring,Refactor - Java,Java Refactoring Actions,true),
		WorkbenchHandlerServiceHandler("org.eclipse.jdt.ui.edit.text.java.rename.element"),
		,,true),null),
	org.eclipse.ui.defaultAcceleratorConfiguration,
	org.eclipse.ui.contexts.window,,,system)
Binding(ALT+SHIFT+R,
	ParameterizedCommand(Command(org.eclipse.ui.edit.rename,Rename,
		Rename the selected item,
		Category(org.eclipse.ui.category.file,File,null,true),
		WorkbenchHandlerServiceHandler("org.eclipse.ui.edit.rename"),
		,,true),null),
	org.eclipse.ui.defaultAcceleratorConfiguration,
	org.eclipse.ui.contexts.window,,,system)

!ENTRY org.eclipse.egit.ui 2 0 2023-05-22 16:53:57.347
!MESSAGE Warning: The environment variable HOME is not set. The following directory will be used to store the Git
user global configuration and to define the default location to store repositories: 'C:\Users\H Prasannakumar'. If this is
not correct please set the HOME environment variable and restart Eclipse. Otherwise Git for Windows and
EGit might behave differently since they see different configuration options.
This warning can be switched off on the Team > Git > Confirmations and Warnings preference page.
!SESSION 2023-05-22 16:54:29.063 -----------------------------------------------
eclipse.buildId=4.27.0.20230309-1200
java.version=17.0.6
java.vendor=Eclipse Adoptium
BootLoader constants: OS=win32, ARCH=x86_64, WS=win32, NL=en_IN
Framework arguments:  -product org.eclipse.epp.package.jee.product
Command-line arguments:  -os win32 -ws win32 -arch x86_64 -product org.eclipse.epp.package.jee.product

!ENTRY ch.qos.logback.classic 1 0 2023-05-22 16:54:30.168
!MESSAGE Activated before the state location was initialized. Retry after the state location is initialized.

!ENTRY ch.qos.logback.classic 1 0 2023-05-22 16:54:35.220
!MESSAGE Logback config file: C:\Users\H Prasannakumar\Desktop\servlet_crud1\.metadata\.plugins\org.eclipse.m2e.logback\logback.2.1.100.20230106-1511.xml

!ENTRY org.eclipse.jface 2 0 2023-05-22 16:54:37.243
!MESSAGE Keybinding conflicts occurred.  They may interfere with normal accelerator operation.
!SUBENTRY 1 org.eclipse.jface 2 0 2023-05-22 16:54:37.243
!MESSAGE A conflict occurred for CTRL+SHIFT+T:
Binding(CTRL+SHIFT+T,
	ParameterizedCommand(Command(org.eclipse.jdt.ui.navigate.open.type,Open Type,
		Open a type in a Java editor,
		Category(org.eclipse.ui.category.navigate,Navigate,null,true),
		WorkbenchHandlerServiceHandler("org.eclipse.jdt.ui.navigate.open.type"),
		,,true),null),
	org.eclipse.ui.defaultAcceleratorConfiguration,
	org.eclipse.ui.contexts.window,,,system)
Binding(CTRL+SHIFT+T,
	ParameterizedCommand(Command(org.eclipse.lsp4e.symbolinworkspace,Go to Symbol in Workspace,
		,
		Category(org.eclipse.lsp4e.category,Language Servers,null,true),
		WorkbenchHandlerServiceHandler("org.eclipse.lsp4e.symbolinworkspace"),
		,,true),null),
	org.eclipse.ui.defaultAcceleratorConfiguration,
	org.eclipse.ui.contexts.window,,,system)
!SUBENTRY 1 org.eclipse.jface 2 0 2023-05-22 16:54:37.243
!MESSAGE A conflict occurred for ALT+SHIFT+R:
Binding(ALT+SHIFT+R,
	ParameterizedCommand(Command(org.eclipse.jdt.ui.edit.text.java.rename.element,Rename - Refactoring ,
		Rename the selected element,
		Category(org.eclipse.jdt.ui.category.refactoring,Refactor - Java,Java Refactoring Actions,true),
		WorkbenchHandlerServiceHandler("org.eclipse.jdt.ui.edit.text.java.rename.element"),
		,,true),null),
	org.eclipse.ui.defaultAcceleratorConfiguration,
	org.eclipse.ui.contexts.window,,,system)
Binding(ALT+SHIFT+R,
	ParameterizedCommand(Command(org.eclipse.ui.edit.rename,Rename,
		Rename the selected item,
		Category(org.eclipse.ui.category.file,File,null,true),
		WorkbenchHandlerServiceHandler("org.eclipse.ui.edit.rename"),
		,,true),null),
	org.eclipse.ui.defaultAcceleratorConfiguration,
	org.eclipse.ui.contexts.window,,,system)

!ENTRY org.eclipse.egit.ui 2 0 2023-05-22 16:54:39.637
!MESSAGE Warning: The environment variable HOME is not set. The following directory will be used to store the Git
user global configuration and to define the default location to store repositories: 'C:\Users\H Prasannakumar'. If this is
not correct please set the HOME environment variable and restart Eclipse. Otherwise Git for Windows and
EGit might behave differently since they see different configuration options.
This warning can be switched off on the Team > Git > Confirmations and Warnings preference page.

!ENTRY org.eclipse.m2e.core.ui 4 0 2023-05-22 17:06:15.173
!MESSAGE Failed to create project.
!STACK 0
java.util.concurrent.ExecutionException: java.lang.IllegalStateException: Process exit value was 1. Console printout:
===============================================================
[[1;34mINFO[m] Scanning for projects...
Downloading from : https://repo.maven.apache.org/maven2/org/apache/maven/plugins/maven-metadata.xml
Downloading from : https://repo.maven.apache.org/maven2/org/codehaus/mojo/maven-metadata.xml
Progress (1): 8.2/14 kBProgress (1): 4.8/14 kBProgress (2): 4.8/14 kB | 8.2/21 kBProgress (2): 4.8/14 kB | 7.7/21 kBProgress (2): 1.3/14 kB | 7.7/21 kBProgress (2): 1.3/14 kB | 1.3/21 kBProgress (2): 1.3/14 kB | 3.5/21 kB                                   Downloaded from : https://repo.maven.apache.org/maven2/org/apache/maven/plugins/maven-metadata.xml (14 kB at 5.5 kB/s)
Downloaded from : https://repo.maven.apache.org/maven2/org/codehaus/mojo/maven-metadata.xml (21 kB at 7.7 kB/s)
Downloading from : https://repo.maven.apache.org/maven2/org/apache/maven/plugins/maven-archetype-plugin/maven-metadata.xml
Progress (1): 980 B                   Downloaded from : https://repo.maven.apache.org/maven2/org/apache/maven/plugins/maven-archetype-plugin/maven-metadata.xml (980 B at 978 B/s)
[[1;34mINFO[m] 
[[1;34mINFO[m] [1m------------------< [0;36morg.apache.maven:standalone-pom[0;1m >-------------------[m
[[1;34mINFO[m] [1mBuilding Maven Stub Project (No POM) 1[m
[[1;34mINFO[m] [1m--------------------------------[ pom ]---------------------------------[m
[[1;34mINFO[m] 
[[1;34mINFO[m] [1m>>> [0;32mmaven-archetype-plugin:3.2.1:generate[m [1m(default-cli)[0;1m > [0;1mgenerate-sources[m @ [36mstandalone-pom[0;1m >>>[m
[[1;34mINFO[m] 
[[1;34mINFO[m] [1m<<< [0;32mmaven-archetype-plugin:3.2.1:generate[m [1m(default-cli)[0;1m < [0;1mgenerate-sources[m @ [36mstandalone-pom[0;1m <<<[m
[[1;34mINFO[m] 
[[1;34mINFO[m] 
[[1;34mINFO[m] [1m--- [0;32mmaven-archetype-plugin:3.2.1:generate[m [1m(default-cli)[m @ [36mstandalone-pom[0;1m ---[m
[[1;34mINFO[m] Generating project in Interactive mode
[[1;34mINFO[m] Archetype repository not defined. Using the one from [org.apache.maven.archetypes:maven-archetype-webapp:1.4] found in catalog remote
[[1;34mINFO[m] Using property: groupId = com.jsp
[[1;34mINFO[m] Using property: artifactId = servletfirstmock
[[1;34mINFO[m] Using property: version = 0.0.1-SNAPSHOT
[[1;34mINFO[m] Using property: package = com.jsp.servletfirstmock
Confirm properties configuration:
groupId: com.jsp
artifactId: servletfirstmock
version: 0.0.1-SNAPSHOT
package: com.jsp.servletfirstmock
 Y: : [[1;34mINFO[m] ----------------------------------------------------------------------------
[[1;34mINFO[m] Using following parameters for creating project from Old (1.x) Archetype: maven-archetype-webapp:1.0
[[1;34mINFO[m] ----------------------------------------------------------------------------
[[1;34mINFO[m] Parameter: basedir, Value: C:\Users\H Prasannakumar\Desktop\servlet_crud1
[[1;34mINFO[m] Parameter: package, Value: com.jsp.servletfirstmock
[[1;34mINFO[m] Parameter: groupId, Value: com.jsp
[[1;34mINFO[m] Parameter: artifactId, Value: servletfirstmock
[[1;34mINFO[m] Parameter: packageName, Value: com.jsp.servletfirstmock
[[1;34mINFO[m] Parameter: version, Value: 0.0.1-SNAPSHOT
[[1;34mINFO[m] [1m------------------------------------------------------------------------[m
[[1;34mINFO[m] [1;31mBUILD FAILURE[m
[[1;34mINFO[m] [1m------------------------------------------------------------------------[m
[[1;34mINFO[m] Total time:  27.463 s
[[1;34mINFO[m] Finished at: 2023-05-22T17:06:14+05:30
[[1;34mINFO[m] [1m------------------------------------------------------------------------[m
[[1;31mERROR[m] Failed to execute goal [32morg.apache.maven.plugins:maven-archetype-plugin:3.2.1:generate[m [1m(default-cli)[m on project [36mstandalone-pom[m: [1;31mUnable to add module to the current project as it is not of packaging type 'pom'[m -> [1m[Help 1][m
[[1;31mERROR[m] 
[[1;31mERROR[m] To see the full stack trace of the errors, re-run Maven with the [1m-e[m switch.
[[1;31mERROR[m] Re-run Maven using the [1m-X[m switch to enable full debug logging.
[[1;31mERROR[m] 
[[1;31mERROR[m] For more information about the errors and possible solutions, please read the following articles:
[[1;31mERROR[m] [1m[Help 1][m http://cwiki.apache.org/confluence/display/MAVEN/MojoFailureException

"===============================================================
	at java.base/java.util.concurrent.CompletableFuture.reportGet(CompletableFuture.java:396)
	at java.base/java.util.concurrent.CompletableFuture.get(CompletableFuture.java:2073)
	at org.eclipse.m2e.core.ui.internal.archetype.ArchetypeGenerator.createArchetypeProjects(ArchetypeGenerator.java:164)
	at org.eclipse.m2e.core.ui.internal.wizards.MavenProjectWizard$3.doCreateMavenProjects(MavenProjectWizard.java:246)
	at org.eclipse.m2e.core.ui.internal.wizards.AbstractCreateMavenProjectJob$1.doCreateMavenProjects(AbstractCreateMavenProjectJob.java:51)
	at org.eclipse.m2e.core.ui.internal.wizards.AbstractCreateMavenProjectsOperation.run(AbstractCreateMavenProjectsOperation.java:56)
	at org.eclipse.m2e.core.ui.internal.wizards.AbstractCreateMavenProjectJob.runInWorkspace(AbstractCreateMavenProjectJob.java:55)
	at org.eclipse.core.internal.resources.InternalWorkspaceJob.run(InternalWorkspaceJob.java:43)
	at org.eclipse.core.internal.jobs.Worker.run(Worker.java:63)
Caused by: java.lang.IllegalStateException: Process exit value was 1. Console printout:
===============================================================
[[1;34mINFO[m] Scanning for projects...
Downloading from : https://repo.maven.apache.org/maven2/org/apache/maven/plugins/maven-metadata.xml
Downloading from : https://repo.maven.apache.org/maven2/org/codehaus/mojo/maven-metadata.xml
Progress (1): 8.2/14 kBProgress (1): 4.8/14 kBProgress (2): 4.8/14 kB | 8.2/21 kBProgress (2): 4.8/14 kB | 7.7/21 kBProgress (2): 1.3/14 kB | 7.7/21 kBProgress (2): 1.3/14 kB | 1.3/21 kBProgress (2): 1.3/14 kB | 3.5/21 kB                                   Downloaded from : https://repo.maven.apache.org/maven2/org/apache/maven/plugins/maven-metadata.xml (14 kB at 5.5 kB/s)
Downloaded from : https://repo.maven.apache.org/maven2/org/codehaus/mojo/maven-metadata.xml (21 kB at 7.7 kB/s)
Downloading from : https://repo.maven.apache.org/maven2/org/apache/maven/plugins/maven-archetype-plugin/maven-metadata.xml
Progress (1): 980 B                   Downloaded from : https://repo.maven.apache.org/maven2/org/apache/maven/plugins/maven-archetype-plugin/maven-metadata.xml (980 B at 978 B/s)
[[1;34mINFO[m] 
[[1;34mINFO[m] [1m------------------< [0;36morg.apache.maven:standalone-pom[0;1m >-------------------[m
[[1;34mINFO[m] [1mBuilding Maven Stub Project (No POM) 1[m
[[1;34mINFO[m] [1m--------------------------------[ pom ]---------------------------------[m
[[1;34mINFO[m] 
[[1;34mINFO[m] [1m>>> [0;32mmaven-archetype-plugin:3.2.1:generate[m [1m(default-cli)[0;1m > [0;1mgenerate-sources[m @ [36mstandalone-pom[0;1m >>>[m
[[1;34mINFO[m] 
[[1;34mINFO[m] [1m<<< [0;32mmaven-archetype-plugin:3.2.1:generate[m [1m(default-cli)[0;1m < [0;1mgenerate-sources[m @ [36mstandalone-pom[0;1m <<<[m
[[1;34mINFO[m] 
[[1;34mINFO[m] 
[[1;34mINFO[m] [1m--- [0;32mmaven-archetype-plugin:3.2.1:generate[m [1m(default-cli)[m @ [36mstandalone-pom[0;1m ---[m
[[1;34mINFO[m] Generating project in Interactive mode
[[1;34mINFO[m] Archetype repository not defined. Using the one from [org.apache.maven.archetypes:maven-archetype-webapp:1.4] found in catalog remote
[[1;34mINFO[m] Using property: groupId = com.jsp
[[1;34mINFO[m] Using property: artifactId = servletfirstmock
[[1;34mINFO[m] Using property: version = 0.0.1-SNAPSHOT
[[1;34mINFO[m] Using property: package = com.jsp.servletfirstmock
Confirm properties configuration:
groupId: com.jsp
artifactId: servletfirstmock
version: 0.0.1-SNAPSHOT
package: com.jsp.servletfirstmock
 Y: : [[1;34mINFO[m] ----------------------------------------------------------------------------
[[1;34mINFO[m] Using following parameters for creating project from Old (1.x) Archetype: maven-archetype-webapp:1.0
[[1;34mINFO[m] ----------------------------------------------------------------------------
[[1;34mINFO[m] Parameter: basedir, Value: C:\Users\H Prasannakumar\Desktop\servlet_crud1
[[1;34mINFO[m] Parameter: package, Value: com.jsp.servletfirstmock
[[1;34mINFO[m] Parameter: groupId, Value: com.jsp
[[1;34mINFO[m] Parameter: artifactId, Value: servletfirstmock
[[1;34mINFO[m] Parameter: packageName, Value: com.jsp.servletfirstmock
[[1;34mINFO[m] Parameter: version, Value: 0.0.1-SNAPSHOT
[[1;34mINFO[m] [1m------------------------------------------------------------------------[m
[[1;34mINFO[m] [1;31mBUILD FAILURE[m
[[1;34mINFO[m] [1m------------------------------------------------------------------------[m
[[1;34mINFO[m] Total time:  27.463 s
[[1;34mINFO[m] Finished at: 2023-05-22T17:06:14+05:30
[[1;34mINFO[m] [1m------------------------------------------------------------------------[m
[[1;31mERROR[m] Failed to execute goal [32morg.apache.maven.plugins:maven-archetype-plugin:3.2.1:generate[m [1m(default-cli)[m on project [36mstandalone-pom[m: [1;31mUnable to add module to the current project as it is not of packaging type 'pom'[m -> [1m[Help 1][m
[[1;31mERROR[m] 
[[1;31mERROR[m] To see the full stack trace of the errors, re-run Maven with the [1m-e[m switch.
[[1;31mERROR[m] Re-run Maven using the [1m-X[m switch to enable full debug logging.
[[1;31mERROR[m] 
[[1;31mERROR[m] For more information about the errors and possible solutions, please read the following articles:
[[1;31mERROR[m] [1m[Help 1][m http://cwiki.apache.org/confluence/display/MAVEN/MojoFailureException

"===============================================================
	at org.eclipse.m2e.internal.launch.EclipseMavenLauncher$1.lambda$4(EclipseMavenLauncher.java:120)
	at java.base/java.util.Optional.ifPresent(Optional.java:178)
	at org.eclipse.m2e.internal.launch.EclipseMavenLauncher$1.launchesTerminated(EclipseMavenLauncher.java:107)
	at org.eclipse.debug.internal.core.LaunchManager$LaunchesNotifier.run(LaunchManager.java:305)
	at org.eclipse.core.runtime.SafeRunner.run(SafeRunner.java:45)
	at org.eclipse.debug.internal.core.LaunchManager$LaunchesNotifier.notify(LaunchManager.java:262)
	at org.eclipse.debug.internal.core.LaunchManager.fireUpdate(LaunchManager.java:1057)
	at org.eclipse.debug.core.Launch.fireTerminate(Launch.java:479)
	at org.eclipse.debug.core.Launch.handleDebugEvents(Launch.java:644)
	at org.eclipse.debug.core.DebugPlugin$EventNotifier.run(DebugPlugin.java:1226)
	at org.eclipse.core.runtime.SafeRunner.run(SafeRunner.java:45)
	at org.eclipse.debug.core.DebugPlugin$EventNotifier.dispatch(DebugPlugin.java:1260)
	at org.eclipse.debug.core.DebugPlugin$EventDispatchJob.run(DebugPlugin.java:492)
	... 1 more

!ENTRY org.eclipse.m2e.core.ui 4 0 2023-05-22 17:08:30.163
!MESSAGE Failed to create project.
!STACK 0
java.util.concurrent.ExecutionException: java.lang.IllegalStateException: Process exit value was 1. Console printout:
===============================================================
[[1;34mINFO[m] Scanning for projects...
Downloading from : https://repo.maven.apache.org/maven2/org/codehaus/mojo/maven-metadata.xml
Downloading from : https://repo.maven.apache.org/maven2/org/apache/maven/plugins/maven-metadata.xml
Progress (1): 6.6/14 kBProgress (2): 6.6/14 kB | 8.2/21 kBProgress (2): 6.6/14 kB | 7.7/21 kBProgress (2): 1.3/14 kB | 7.7/21 kBProgress (2): 6.3/14 kB | 7.7/21 kBProgress (2): 6.3/14 kB | 4.8/21 kB                                   Downloaded from : https://repo.maven.apache.org/maven2/org/apache/maven/plugins/maven-metadata.xml (14 kB at 6.3 kB/s)
Downloaded from : https://repo.maven.apache.org/maven2/org/codehaus/mojo/maven-metadata.xml (21 kB at 8.7 kB/s)
Downloading from : https://repo.maven.apache.org/maven2/org/apache/maven/plugins/maven-archetype-plugin/maven-metadata.xml
Progress (1): 980 B                   Downloaded from : https://repo.maven.apache.org/maven2/org/apache/maven/plugins/maven-archetype-plugin/maven-metadata.xml (980 B at 3.5 kB/s)
[[1;34mINFO[m] 
[[1;34mINFO[m] [1m------------------< [0;36morg.apache.maven:standalone-pom[0;1m >-------------------[m
[[1;34mINFO[m] [1mBuilding Maven Stub Project (No POM) 1[m
[[1;34mINFO[m] [1m--------------------------------[ pom ]---------------------------------[m
[[1;34mINFO[m] 
[[1;34mINFO[m] [1m>>> [0;32mmaven-archetype-plugin:3.2.1:generate[m [1m(default-cli)[0;1m > [0;1mgenerate-sources[m @ [36mstandalone-pom[0;1m >>>[m
[[1;34mINFO[m] 
[[1;34mINFO[m] [1m<<< [0;32mmaven-archetype-plugin:3.2.1:generate[m [1m(default-cli)[0;1m < [0;1mgenerate-sources[m @ [36mstandalone-pom[0;1m <<<[m
[[1;34mINFO[m] 
[[1;34mINFO[m] 
[[1;34mINFO[m] [1m--- [0;32mmaven-archetype-plugin:3.2.1:generate[m [1m(default-cli)[m @ [36mstandalone-pom[0;1m ---[m
[[1;34mINFO[m] Generating project in Interactive mode
[[1;34mINFO[m] Archetype repository not defined. Using the one from [org.apache.maven.archetypes:maven-archetype-webapp:1.4] found in catalog remote
[[1;34mINFO[m] Using property: groupId = com.jsp
[[1;34mINFO[m] Using property: artifactId = servletfirstmock
[[1;34mINFO[m] Using property: version = 0.0.1-SNAPSHOT
[[1;34mINFO[m] Using property: package = com.jsp.servletfirstmock
Confirm properties configuration:
groupId: com.jsp
artifactId: servletfirstmock
version: 0.0.1-SNAPSHOT
package: com.jsp.servletfirstmock
 Y: : [[1;34mINFO[m] ----------------------------------------------------------------------------
[[1;34mINFO[m] Using following parameters for creating project from Old (1.x) Archetype: maven-archetype-webapp:1.0
[[1;34mINFO[m] ----------------------------------------------------------------------------
[[1;34mINFO[m] Parameter: basedir, Value: C:\Users\H Prasannakumar\Desktop\servlet_crud1
[[1;34mINFO[m] Parameter: package, Value: com.jsp.servletfirstmock
[[1;34mINFO[m] Parameter: groupId, Value: com.jsp
[[1;34mINFO[m] Parameter: artifactId, Value: servletfirstmock
[[1;34mINFO[m] Parameter: packageName, Value: com.jsp.servletfirstmock
[[1;34mINFO[m] Parameter: version, Value: 0.0.1-SNAPSHOT
[[1;34mINFO[m] [1m------------------------------------------------------------------------[m
[[1;34mINFO[m] [1;31mBUILD FAILURE[m
[[1;34mINFO[m] [1m------------------------------------------------------------------------[m
[[1;34mINFO[m] Total time:  01:22 min
[[1;34mINFO[m] Finished at: 2023-05-22T17:08:29+05:30
[[1;34mINFO[m] [1m------------------------------------------------------------------------[m
[[1;31mERROR[m] Failed to execute goal [32morg.apache.maven.plugins:maven-archetype-plugin:3.2.1:generate[m [1m(default-cli)[m on project [36mstandalone-pom[m: [1;31mUnable to add module to the current project as it is not of packaging type 'pom'[m -> [1m[Help 1][m
[[1;31mERROR[m] 
[[1;31mERROR[m] To see the full stack trace of the errors, re-run Maven with the [1m-e[m switch.
[[1;31mERROR[m] Re-run Maven using the [1m-X[m switch to enable full debug logging.
[[1;31mERROR[m] 
[[1;31mERROR[m] For more information about the errors and possible solutions, please read the following articles:
[[1;31mERROR[m] [1m[Help 1][m http://cwiki.apache.org/confluence/display/MAVEN/MojoFailureException

"===============================================================
	at java.base/java.util.concurrent.CompletableFuture.reportGet(CompletableFuture.java:396)
	at java.base/java.util.concurrent.CompletableFuture.get(CompletableFuture.java:2073)
	at org.eclipse.m2e.core.ui.internal.archetype.ArchetypeGenerator.createArchetypeProjects(ArchetypeGenerator.java:164)
	at org.eclipse.m2e.core.ui.internal.wizards.MavenProjectWizard$3.doCreateMavenProjects(MavenProjectWizard.java:246)
	at org.eclipse.m2e.core.ui.internal.wizards.AbstractCreateMavenProjectJob$1.doCreateMavenProjects(AbstractCreateMavenProjectJob.java:51)
	at org.eclipse.m2e.core.ui.internal.wizards.AbstractCreateMavenProjectsOperation.run(AbstractCreateMavenProjectsOperation.java:56)
	at org.eclipse.m2e.core.ui.internal.wizards.AbstractCreateMavenProjectJob.runInWorkspace(AbstractCreateMavenProjectJob.java:55)
	at org.eclipse.core.internal.resources.InternalWorkspaceJob.run(InternalWorkspaceJob.java:43)
	at org.eclipse.core.internal.jobs.Worker.run(Worker.java:63)
Caused by: java.lang.IllegalStateException: Process exit value was 1. Console printout:
===============================================================
[[1;34mINFO[m] Scanning for projects...
Downloading from : https://repo.maven.apache.org/maven2/org/codehaus/mojo/maven-metadata.xml
Downloading from : https://repo.maven.apache.org/maven2/org/apache/maven/plugins/maven-metadata.xml
Progress (1): 6.6/14 kBProgress (2): 6.6/14 kB | 8.2/21 kBProgress (2): 6.6/14 kB | 7.7/21 kBProgress (2): 1.3/14 kB | 7.7/21 kBProgress (2): 6.3/14 kB | 7.7/21 kBProgress (2): 6.3/14 kB | 4.8/21 kB                                   Downloaded from : https://repo.maven.apache.org/maven2/org/apache/maven/plugins/maven-metadata.xml (14 kB at 6.3 kB/s)
Downloaded from : https://repo.maven.apache.org/maven2/org/codehaus/mojo/maven-metadata.xml (21 kB at 8.7 kB/s)
Downloading from : https://repo.maven.apache.org/maven2/org/apache/maven/plugins/maven-archetype-plugin/maven-metadata.xml
Progress (1): 980 B                   Downloaded from : https://repo.maven.apache.org/maven2/org/apache/maven/plugins/maven-archetype-plugin/maven-metadata.xml (980 B at 3.5 kB/s)
[[1;34mINFO[m] 
[[1;34mINFO[m] [1m------------------< [0;36morg.apache.maven:standalone-pom[0;1m >-------------------[m
[[1;34mINFO[m] [1mBuilding Maven Stub Project (No POM) 1[m
[[1;34mINFO[m] [1m--------------------------------[ pom ]---------------------------------[m
[[1;34mINFO[m] 
[[1;34mINFO[m] [1m>>> [0;32mmaven-archetype-plugin:3.2.1:generate[m [1m(default-cli)[0;1m > [0;1mgenerate-sources[m @ [36mstandalone-pom[0;1m >>>[m
[[1;34mINFO[m] 
[[1;34mINFO[m] [1m<<< [0;32mmaven-archetype-plugin:3.2.1:generate[m [1m(default-cli)[0;1m < [0;1mgenerate-sources[m @ [36mstandalone-pom[0;1m <<<[m
[[1;34mINFO[m] 
[[1;34mINFO[m] 
[[1;34mINFO[m] [1m--- [0;32mmaven-archetype-plugin:3.2.1:generate[m [1m(default-cli)[m @ [36mstandalone-pom[0;1m ---[m
[[1;34mINFO[m] Generating project in Interactive mode
[[1;34mINFO[m] Archetype repository not defined. Using the one from [org.apache.maven.archetypes:maven-archetype-webapp:1.4] found in catalog remote
[[1;34mINFO[m] Using property: groupId = com.jsp
[[1;34mINFO[m] Using property: artifactId = servletfirstmock
[[1;34mINFO[m] Using property: version = 0.0.1-SNAPSHOT
[[1;34mINFO[m] Using property: package = com.jsp.servletfirstmock
Confirm properties configuration:
groupId: com.jsp
artifactId: servletfirstmock
version: 0.0.1-SNAPSHOT
package: com.jsp.servletfirstmock
 Y: : [[1;34mINFO[m] ----------------------------------------------------------------------------
[[1;34mINFO[m] Using following parameters for creating project from Old (1.x) Archetype: maven-archetype-webapp:1.0
[[1;34mINFO[m] ----------------------------------------------------------------------------
[[1;34mINFO[m] Parameter: basedir, Value: C:\Users\H Prasannakumar\Desktop\servlet_crud1
[[1;34mINFO[m] Parameter: package, Value: com.jsp.servletfirstmock
[[1;34mINFO[m] Parameter: groupId, Value: com.jsp
[[1;34mINFO[m] Parameter: artifactId, Value: servletfirstmock
[[1;34mINFO[m] Parameter: packageName, Value: com.jsp.servletfirstmock
[[1;34mINFO[m] Parameter: version, Value: 0.0.1-SNAPSHOT
[[1;34mINFO[m] [1m------------------------------------------------------------------------[m
[[1;34mINFO[m] [1;31mBUILD FAILURE[m
[[1;34mINFO[m] [1m------------------------------------------------------------------------[m
[[1;34mINFO[m] Total time:  01:22 min
[[1;34mINFO[m] Finished at: 2023-05-22T17:08:29+05:30
[[1;34mINFO[m] [1m------------------------------------------------------------------------[m
[[1;31mERROR[m] Failed to execute goal [32morg.apache.maven.plugins:maven-archetype-plugin:3.2.1:generate[m [1m(default-cli)[m on project [36mstandalone-pom[m: [1;31mUnable to add module to the current project as it is not of packaging type 'pom'[m -> [1m[Help 1][m
[[1;31mERROR[m] 
[[1;31mERROR[m] To see the full stack trace of the errors, re-run Maven with the [1m-e[m switch.
[[1;31mERROR[m] Re-run Maven using the [1m-X[m switch to enable full debug logging.
[[1;31mERROR[m] 
[[1;31mERROR[m] For more information about the errors and possible solutions, please read the following articles:
[[1;31mERROR[m] [1m[Help 1][m http://cwiki.apache.org/confluence/display/MAVEN/MojoFailureException

"===============================================================
	at org.eclipse.m2e.internal.launch.EclipseMavenLauncher$1.lambda$4(EclipseMavenLauncher.java:120)
	at java.base/java.util.Optional.ifPresent(Optional.java:178)
	at org.eclipse.m2e.internal.launch.EclipseMavenLauncher$1.launchesTerminated(EclipseMavenLauncher.java:107)
	at org.eclipse.debug.internal.core.LaunchManager$LaunchesNotifier.run(LaunchManager.java:305)
	at org.eclipse.core.runtime.SafeRunner.run(SafeRunner.java:45)
	at org.eclipse.debug.internal.core.LaunchManager$LaunchesNotifier.notify(LaunchManager.java:262)
	at org.eclipse.debug.internal.core.LaunchManager.fireUpdate(LaunchManager.java:1057)
	at org.eclipse.debug.core.Launch.fireTerminate(Launch.java:479)
	at org.eclipse.debug.core.Launch.handleDebugEvents(Launch.java:644)
	at org.eclipse.debug.core.DebugPlugin$EventNotifier.run(DebugPlugin.java:1226)
	at org.eclipse.core.runtime.SafeRunner.run(SafeRunner.java:45)
	at org.eclipse.debug.core.DebugPlugin$EventNotifier.dispatch(DebugPlugin.java:1260)
	at org.eclipse.debug.core.DebugPlugin$EventDispatchJob.run(DebugPlugin.java:492)
	... 1 more

!ENTRY org.eclipse.m2e.core.ui 4 0 2023-05-22 17:13:41.889
!MESSAGE Failed to create project.
!STACK 0
java.util.concurrent.ExecutionException: java.lang.IllegalStateException: Process exit value was 1. Console printout:
===============================================================
[[1;34mINFO[m] Scanning for projects...
Downloading from : https://repo.maven.apache.org/maven2/org/codehaus/mojo/maven-metadata.xml
Downloading from : https://repo.maven.apache.org/maven2/org/apache/maven/plugins/maven-metadata.xml
Progress (1): 1.3/21 kBProgress (1): 1.3/21 kBProgress (1): 6.6/21 kBProgress (1): 6.6/21 kBProgress (1): 4.8/21 kBProgress (2): 4.8/21 kB | 3.7/14 kBProgress (2): 4.8/21 kB | 1.3/14 kBProgress (2): 4.8/21 kB | 1.3/14 kBProgress (2): 4.8/21 kB | 1.3/14 kBProgress (2): 4.8/21 kB | 1.3/14 kBProgress (2): 4.8/21 kB | 1.3/14 kBProgress (2): 4.8/21 kB | 1.3/14 kBProgress (2): 4.8/21 kB | 1.3/14 kBProgress (2): 4.8/21 kB | 1.3/14 kB                                   Downloaded from : https://repo.maven.apache.org/maven2/org/codehaus/mojo/maven-metadata.xml (21 kB at 7.8 kB/s)
Downloaded from : https://repo.maven.apache.org/maven2/org/apache/maven/plugins/maven-metadata.xml (14 kB at 5.4 kB/s)
Downloading from : https://repo.maven.apache.org/maven2/org/apache/maven/plugins/maven-archetype-plugin/maven-metadata.xml
Progress (1): 980 B                   Downloaded from : https://repo.maven.apache.org/maven2/org/apache/maven/plugins/maven-archetype-plugin/maven-metadata.xml (980 B at 276 B/s)
[[1;34mINFO[m] 
[[1;34mINFO[m] [1m------------------< [0;36morg.apache.maven:standalone-pom[0;1m >-------------------[m
[[1;34mINFO[m] [1mBuilding Maven Stub Project (No POM) 1[m
[[1;34mINFO[m] [1m--------------------------------[ pom ]---------------------------------[m
[[1;34mINFO[m] 
[[1;34mINFO[m] [1m>>> [0;32mmaven-archetype-plugin:3.2.1:generate[m [1m(default-cli)[0;1m > [0;1mgenerate-sources[m @ [36mstandalone-pom[0;1m >>>[m
[[1;34mINFO[m] 
[[1;34mINFO[m] [1m<<< [0;32mmaven-archetype-plugin:3.2.1:generate[m [1m(default-cli)[0;1m < [0;1mgenerate-sources[m @ [36mstandalone-pom[0;1m <<<[m
[[1;34mINFO[m] 
[[1;34mINFO[m] 
[[1;34mINFO[m] [1m--- [0;32mmaven-archetype-plugin:3.2.1:generate[m [1m(default-cli)[m @ [36mstandalone-pom[0;1m ---[m
[[1;34mINFO[m] Generating project in Interactive mode
[[1;34mINFO[m] Archetype repository not defined. Using the one from [org.apache.maven.archetypes:maven-archetype-webapp:1.4] found in catalog remote
[[1;34mINFO[m] Using property: groupId = com.jsp
[[1;34mINFO[m] Using property: artifactId = servletfirstmock
[[1;34mINFO[m] Using property: version = 0.0.1-SNAPSHOT
[[1;34mINFO[m] Using property: package = com.jsp.servletfirstmock
Confirm properties configuration:
groupId: com.jsp
artifactId: servletfirstmock
version: 0.0.1-SNAPSHOT
package: com.jsp.servletfirstmock
 Y: : [[1;34mINFO[m] ----------------------------------------------------------------------------
[[1;34mINFO[m] Using following parameters for creating project from Old (1.x) Archetype: maven-archetype-webapp:1.0
[[1;34mINFO[m] ----------------------------------------------------------------------------
[[1;34mINFO[m] Parameter: basedir, Value: C:\Users\H Prasannakumar\Desktop\servlet_crud1
[[1;34mINFO[m] Parameter: package, Value: com.jsp.servletfirstmock
[[1;34mINFO[m] Parameter: groupId, Value: com.jsp
[[1;34mINFO[m] Parameter: artifactId, Value: servletfirstmock
[[1;34mINFO[m] Parameter: packageName, Value: com.jsp.servletfirstmock
[[1;34mINFO[m] Parameter: version, Value: 0.0.1-SNAPSHOT
[[1;34mINFO[m] [1m------------------------------------------------------------------------[m
[[1;34mINFO[m] [1;31mBUILD FAILURE[m
[[1;34mINFO[m] [1m------------------------------------------------------------------------[m
[[1;34mINFO[m] Total time:  04:33 min
[[1;34mINFO[m] Finished at: 2023-05-22T17:13:41+05:30
[[1;34mINFO[m] [1m------------------------------------------------------------------------[m
[[1;31mERROR[m] Failed to execute goal [32morg.apache.maven.plugins:maven-archetype-plugin:3.2.1:generate[m [1m(default-cli)[m on project [36mstandalone-pom[m: [1;31mUnable to add module to the current project as it is not of packaging type 'pom'[m -> [1m[Help 1][m
[[1;31mERROR[m] 
[[1;31mERROR[m] To see the full stack trace of the errors, re-run Maven with the [1m-e[m switch.
[[1;31mERROR[m] Re-run Maven using the [1m-X[m switch to enable full debug logging.
[[1;31mERROR[m] 
[[1;31mERROR[m] For more information about the errors and possible solutions, please read the following articles:
[[1;31mERROR[m] [1m[Help 1][m http://cwiki.apache.org/confluence/display/MAVEN/MojoFailureException

"===============================================================
	at java.base/java.util.concurrent.CompletableFuture.reportGet(CompletableFuture.java:396)
	at java.base/java.util.concurrent.CompletableFuture.get(CompletableFuture.java:2073)
	at org.eclipse.m2e.core.ui.internal.archetype.ArchetypeGenerator.createArchetypeProjects(ArchetypeGenerator.java:164)
	at org.eclipse.m2e.core.ui.internal.wizards.MavenProjectWizard$3.doCreateMavenProjects(MavenProjectWizard.java:246)
	at org.eclipse.m2e.core.ui.internal.wizards.AbstractCreateMavenProjectJob$1.doCreateMavenProjects(AbstractCreateMavenProjectJob.java:51)
	at org.eclipse.m2e.core.ui.internal.wizards.AbstractCreateMavenProjectsOperation.run(AbstractCreateMavenProjectsOperation.java:56)
	at org.eclipse.m2e.core.ui.internal.wizards.AbstractCreateMavenProjectJob.runInWorkspace(AbstractCreateMavenProjectJob.java:55)
	at org.eclipse.core.internal.resources.InternalWorkspaceJob.run(InternalWorkspaceJob.java:43)
	at org.eclipse.core.internal.jobs.Worker.run(Worker.java:63)
Caused by: java.lang.IllegalStateException: Process exit value was 1. Console printout:
===============================================================
[[1;34mINFO[m] Scanning for projects...
Downloading from : https://repo.maven.apache.org/maven2/org/codehaus/mojo/maven-metadata.xml
Downloading from : https://repo.maven.apache.org/maven2/org/apache/maven/plugins/maven-metadata.xml
Progress (1): 1.3/21 kBProgress (1): 1.3/21 kBProgress (1): 6.6/21 kBProgress (1): 6.6/21 kBProgress (1): 4.8/21 kBProgress (2): 4.8/21 kB | 3.7/14 kBProgress (2): 4.8/21 kB | 1.3/14 kBProgress (2): 4.8/21 kB | 1.3/14 kBProgress (2): 4.8/21 kB | 1.3/14 kBProgress (2): 4.8/21 kB | 1.3/14 kBProgress (2): 4.8/21 kB | 1.3/14 kBProgress (2): 4.8/21 kB | 1.3/14 kBProgress (2): 4.8/21 kB | 1.3/14 kBProgress (2): 4.8/21 kB | 1.3/14 kB                                   Downloaded from : https://repo.maven.apache.org/maven2/org/codehaus/mojo/maven-metadata.xml (21 kB at 7.8 kB/s)
Downloaded from : https://repo.maven.apache.org/maven2/org/apache/maven/plugins/maven-metadata.xml (14 kB at 5.4 kB/s)
Downloading from : https://repo.maven.apache.org/maven2/org/apache/maven/plugins/maven-archetype-plugin/maven-metadata.xml
Progress (1): 980 B                   Downloaded from : https://repo.maven.apache.org/maven2/org/apache/maven/plugins/maven-archetype-plugin/maven-metadata.xml (980 B at 276 B/s)
[[1;34mINFO[m] 
[[1;34mINFO[m] [1m------------------< [0;36morg.apache.maven:standalone-pom[0;1m >-------------------[m
[[1;34mINFO[m] [1mBuilding Maven Stub Project (No POM) 1[m
[[1;34mINFO[m] [1m--------------------------------[ pom ]---------------------------------[m
[[1;34mINFO[m] 
[[1;34mINFO[m] [1m>>> [0;32mmaven-archetype-plugin:3.2.1:generate[m [1m(default-cli)[0;1m > [0;1mgenerate-sources[m @ [36mstandalone-pom[0;1m >>>[m
[[1;34mINFO[m] 
[[1;34mINFO[m] [1m<<< [0;32mmaven-archetype-plugin:3.2.1:generate[m [1m(default-cli)[0;1m < [0;1mgenerate-sources[m @ [36mstandalone-pom[0;1m <<<[m
[[1;34mINFO[m] 
[[1;34mINFO[m] 
[[1;34mINFO[m] [1m--- [0;32mmaven-archetype-plugin:3.2.1:generate[m [1m(default-cli)[m @ [36mstandalone-pom[0;1m ---[m
[[1;34mINFO[m] Generating project in Interactive mode
[[1;34mINFO[m] Archetype repository not defined. Using the one from [org.apache.maven.archetypes:maven-archetype-webapp:1.4] found in catalog remote
[[1;34mINFO[m] Using property: groupId = com.jsp
[[1;34mINFO[m] Using property: artifactId = servletfirstmock
[[1;34mINFO[m] Using property: version = 0.0.1-SNAPSHOT
[[1;34mINFO[m] Using property: package = com.jsp.servletfirstmock
Confirm properties configuration:
groupId: com.jsp
artifactId: servletfirstmock
version: 0.0.1-SNAPSHOT
package: com.jsp.servletfirstmock
 Y: : [[1;34mINFO[m] ----------------------------------------------------------------------------
[[1;34mINFO[m] Using following parameters for creating project from Old (1.x) Archetype: maven-archetype-webapp:1.0
[[1;34mINFO[m] ----------------------------------------------------------------------------
[[1;34mINFO[m] Parameter: basedir, Value: C:\Users\H Prasannakumar\Desktop\servlet_crud1
[[1;34mINFO[m] Parameter: package, Value: com.jsp.servletfirstmock
[[1;34mINFO[m] Parameter: groupId, Value: com.jsp
[[1;34mINFO[m] Parameter: artifactId, Value: servletfirstmock
[[1;34mINFO[m] Parameter: packageName, Value: com.jsp.servletfirstmock
[[1;34mINFO[m] Parameter: version, Value: 0.0.1-SNAPSHOT
[[1;34mINFO[m] [1m------------------------------------------------------------------------[m
[[1;34mINFO[m] [1;31mBUILD FAILURE[m
[[1;34mINFO[m] [1m------------------------------------------------------------------------[m
[[1;34mINFO[m] Total time:  04:33 min
[[1;34mINFO[m] Finished at: 2023-05-22T17:13:41+05:30
[[1;34mINFO[m] [1m------------------------------------------------------------------------[m
[[1;31mERROR[m] Failed to execute goal [32morg.apache.maven.plugins:maven-archetype-plugin:3.2.1:generate[m [1m(default-cli)[m on project [36mstandalone-pom[m: [1;31mUnable to add module to the current project as it is not of packaging type 'pom'[m -> [1m[Help 1][m
[[1;31mERROR[m] 
[[1;31mERROR[m] To see the full stack trace of the errors, re-run Maven with the [1m-e[m switch.
[[1;31mERROR[m] Re-run Maven using the [1m-X[m switch to enable full debug logging.
[[1;31mERROR[m] 
[[1;31mERROR[m] For more information about the errors and possible solutions, please read the following articles:
[[1;31mERROR[m] [1m[Help 1][m http://cwiki.apache.org/confluence/display/MAVEN/MojoFailureException

"===============================================================
	at org.eclipse.m2e.internal.launch.EclipseMavenLauncher$1.lambda$4(EclipseMavenLauncher.java:120)
	at java.base/java.util.Optional.ifPresent(Optional.java:178)
	at org.eclipse.m2e.internal.launch.EclipseMavenLauncher$1.launchesTerminated(EclipseMavenLauncher.java:107)
	at org.eclipse.debug.internal.core.LaunchManager$LaunchesNotifier.run(LaunchManager.java:305)
	at org.eclipse.core.runtime.SafeRunner.run(SafeRunner.java:45)
	at org.eclipse.debug.internal.core.LaunchManager$LaunchesNotifier.notify(LaunchManager.java:262)
	at org.eclipse.debug.internal.core.LaunchManager.fireUpdate(LaunchManager.java:1057)
	at org.eclipse.debug.core.Launch.fireTerminate(Launch.java:479)
	at org.eclipse.debug.core.Launch.handleDebugEvents(Launch.java:644)
	at org.eclipse.debug.core.DebugPlugin$EventNotifier.run(DebugPlugin.java:1226)
	at org.eclipse.core.runtime.SafeRunner.run(SafeRunner.java:45)
	at org.eclipse.debug.core.DebugPlugin$EventNotifier.dispatch(DebugPlugin.java:1260)
	at org.eclipse.debug.core.DebugPlugin$EventDispatchJob.run(DebugPlugin.java:492)
	... 1 more

!ENTRY org.eclipse.m2e.core.ui 4 0 2023-05-22 17:27:04.039
!MESSAGE Failed to create project.
!STACK 0
java.util.concurrent.ExecutionException: java.lang.IllegalStateException: Process exit value was 1. Console printout:
===============================================================
[[1;34mINFO[m] Scanning for projects...
Downloading from : https://repo.maven.apache.org/maven2/org/apache/maven/plugins/maven-metadata.xml
Downloading from : https://repo.maven.apache.org/maven2/org/codehaus/mojo/maven-metadata.xml
Progress (1): 8.2/14 kBProgress (1): 6.1/14 kBProgress (2): 6.1/14 kB | 8.2/21 kBProgress (2): 6.1/14 kB | 8.2/21 kBProgress (2): 6.1/14 kB | 4.2/21 kB                                   Downloaded from : https://repo.maven.apache.org/maven2/org/apache/maven/plugins/maven-metadata.xml (14 kB at 6.8 kB/s)
Downloaded from : https://repo.maven.apache.org/maven2/org/codehaus/mojo/maven-metadata.xml (21 kB at 9.1 kB/s)
Downloading from : https://repo.maven.apache.org/maven2/org/apache/maven/plugins/maven-archetype-plugin/maven-metadata.xml
Progress (1): 980 B                   Downloaded from : https://repo.maven.apache.org/maven2/org/apache/maven/plugins/maven-archetype-plugin/maven-metadata.xml (980 B at 3.6 kB/s)
[[1;34mINFO[m] 
[[1;34mINFO[m] [1m------------------< [0;36morg.apache.maven:standalone-pom[0;1m >-------------------[m
[[1;34mINFO[m] [1mBuilding Maven Stub Project (No POM) 1[m
[[1;34mINFO[m] [1m--------------------------------[ pom ]---------------------------------[m
[[1;34mINFO[m] 
[[1;34mINFO[m] [1m>>> [0;32mmaven-archetype-plugin:3.2.1:generate[m [1m(default-cli)[0;1m > [0;1mgenerate-sources[m @ [36mstandalone-pom[0;1m >>>[m
[[1;34mINFO[m] 
[[1;34mINFO[m] [1m<<< [0;32mmaven-archetype-plugin:3.2.1:generate[m [1m(default-cli)[0;1m < [0;1mgenerate-sources[m @ [36mstandalone-pom[0;1m <<<[m
[[1;34mINFO[m] 
[[1;34mINFO[m] 
[[1;34mINFO[m] [1m--- [0;32mmaven-archetype-plugin:3.2.1:generate[m [1m(default-cli)[m @ [36mstandalone-pom[0;1m ---[m
[[1;34mINFO[m] Generating project in Interactive mode
[[1;34mINFO[m] Archetype repository not defined. Using the one from [org.apache.maven.archetypes:maven-archetype-webapp:1.4] found in catalog remote
[[1;34mINFO[m] Using property: groupId = com.jsp
[[1;34mINFO[m] Using property: artifactId = servletfirstmock
[[1;34mINFO[m] Using property: version = 0.0.1-SNAPSHOT
[[1;34mINFO[m] Using property: package = com.jsp.servletfirstmock
Confirm properties configuration:
groupId: com.jsp
artifactId: servletfirstmock
version: 0.0.1-SNAPSHOT
package: com.jsp.servletfirstmock
 Y: : [[1;34mINFO[m] ----------------------------------------------------------------------------
[[1;34mINFO[m] Using following parameters for creating project from Old (1.x) Archetype: maven-archetype-webapp:1.0
[[1;34mINFO[m] ----------------------------------------------------------------------------
[[1;34mINFO[m] Parameter: basedir, Value: C:\Users\H Prasannakumar\Desktop\servlet_crud1
[[1;34mINFO[m] Parameter: package, Value: com.jsp.servletfirstmock
[[1;34mINFO[m] Parameter: groupId, Value: com.jsp
[[1;34mINFO[m] Parameter: artifactId, Value: servletfirstmock
[[1;34mINFO[m] Parameter: packageName, Value: com.jsp.servletfirstmock
[[1;34mINFO[m] Parameter: version, Value: 0.0.1-SNAPSHOT
[[1;34mINFO[m] [1m------------------------------------------------------------------------[m
[[1;34mINFO[m] [1;31mBUILD FAILURE[m
[[1;34mINFO[m] [1m------------------------------------------------------------------------[m
[[1;34mINFO[m] Total time:  03:08 min
[[1;34mINFO[m] Finished at: 2023-05-22T17:27:03+05:30
[[1;34mINFO[m] [1m------------------------------------------------------------------------[m
[[1;31mERROR[m] Failed to execute goal [32morg.apache.maven.plugins:maven-archetype-plugin:3.2.1:generate[m [1m(default-cli)[m on project [36mstandalone-pom[m: [1;31mUnable to add module to the current project as it is not of packaging type 'pom'[m -> [1m[Help 1][m
[[1;31mERROR[m] 
[[1;31mERROR[m] To see the full stack trace of the errors, re-run Maven with the [1m-e[m switch.
[[1;31mERROR[m] Re-run Maven using the [1m-X[m switch to enable full debug logging.
[[1;31mERROR[m] 
[[1;31mERROR[m] For more information about the errors and possible solutions, please read the following articles:
[[1;31mERROR[m] [1m[Help 1][m http://cwiki.apache.org/confluence/display/MAVEN/MojoFailureException

"===============================================================
	at java.base/java.util.concurrent.CompletableFuture.reportGet(CompletableFuture.java:396)
	at java.base/java.util.concurrent.CompletableFuture.get(CompletableFuture.java:2073)
	at org.eclipse.m2e.core.ui.internal.archetype.ArchetypeGenerator.createArchetypeProjects(ArchetypeGenerator.java:164)
	at org.eclipse.m2e.core.ui.internal.wizards.MavenProjectWizard$3.doCreateMavenProjects(MavenProjectWizard.java:246)
	at org.eclipse.m2e.core.ui.internal.wizards.AbstractCreateMavenProjectJob$1.doCreateMavenProjects(AbstractCreateMavenProjectJob.java:51)
	at org.eclipse.m2e.core.ui.internal.wizards.AbstractCreateMavenProjectsOperation.run(AbstractCreateMavenProjectsOperation.java:56)
	at org.eclipse.m2e.core.ui.internal.wizards.AbstractCreateMavenProjectJob.runInWorkspace(AbstractCreateMavenProjectJob.java:55)
	at org.eclipse.core.internal.resources.InternalWorkspaceJob.run(InternalWorkspaceJob.java:43)
	at org.eclipse.core.internal.jobs.Worker.run(Worker.java:63)
Caused by: java.lang.IllegalStateException: Process exit value was 1. Console printout:
===============================================================
[[1;34mINFO[m] Scanning for projects...
Downloading from : https://repo.maven.apache.org/maven2/org/apache/maven/plugins/maven-metadata.xml
Downloading from : https://repo.maven.apache.org/maven2/org/codehaus/mojo/maven-metadata.xml
Progress (1): 8.2/14 kBProgress (1): 6.1/14 kBProgress (2): 6.1/14 kB | 8.2/21 kBProgress (2): 6.1/14 kB | 8.2/21 kBProgress (2): 6.1/14 kB | 4.2/21 kB                                   Downloaded from : https://repo.maven.apache.org/maven2/org/apache/maven/plugins/maven-metadata.xml (14 kB at 6.8 kB/s)
Downloaded from : https://repo.maven.apache.org/maven2/org/codehaus/mojo/maven-metadata.xml (21 kB at 9.1 kB/s)
Downloading from : https://repo.maven.apache.org/maven2/org/apache/maven/plugins/maven-archetype-plugin/maven-metadata.xml
Progress (1): 980 B                   Downloaded from : https://repo.maven.apache.org/maven2/org/apache/maven/plugins/maven-archetype-plugin/maven-metadata.xml (980 B at 3.6 kB/s)
[[1;34mINFO[m] 
[[1;34mINFO[m] [1m------------------< [0;36morg.apache.maven:standalone-pom[0;1m >-------------------[m
[[1;34mINFO[m] [1mBuilding Maven Stub Project (No POM) 1[m
[[1;34mINFO[m] [1m--------------------------------[ pom ]---------------------------------[m
[[1;34mINFO[m] 
[[1;34mINFO[m] [1m>>> [0;32mmaven-archetype-plugin:3.2.1:generate[m [1m(default-cli)[0;1m > [0;1mgenerate-sources[m @ [36mstandalone-pom[0;1m >>>[m
[[1;34mINFO[m] 
[[1;34mINFO[m] [1m<<< [0;32mmaven-archetype-plugin:3.2.1:generate[m [1m(default-cli)[0;1m < [0;1mgenerate-sources[m @ [36mstandalone-pom[0;1m <<<[m
[[1;34mINFO[m] 
[[1;34mINFO[m] 
[[1;34mINFO[m] [1m--- [0;32mmaven-archetype-plugin:3.2.1:generate[m [1m(default-cli)[m @ [36mstandalone-pom[0;1m ---[m
[[1;34mINFO[m] Generating project in Interactive mode
[[1;34mINFO[m] Archetype repository not defined. Using the one from [org.apache.maven.archetypes:maven-archetype-webapp:1.4] found in catalog remote
[[1;34mINFO[m] Using property: groupId = com.jsp
[[1;34mINFO[m] Using property: artifactId = servletfirstmock
[[1;34mINFO[m] Using property: version = 0.0.1-SNAPSHOT
[[1;34mINFO[m] Using property: package = com.jsp.servletfirstmock
Confirm properties configuration:
groupId: com.jsp
artifactId: servletfirstmock
version: 0.0.1-SNAPSHOT
package: com.jsp.servletfirstmock
 Y: : [[1;34mINFO[m] ----------------------------------------------------------------------------
[[1;34mINFO[m] Using following parameters for creating project from Old (1.x) Archetype: maven-archetype-webapp:1.0
[[1;34mINFO[m] ----------------------------------------------------------------------------
[[1;34mINFO[m] Parameter: basedir, Value: C:\Users\H Prasannakumar\Desktop\servlet_crud1
[[1;34mINFO[m] Parameter: package, Value: com.jsp.servletfirstmock
[[1;34mINFO[m] Parameter: groupId, Value: com.jsp
[[1;34mINFO[m] Parameter: artifactId, Value: servletfirstmock
[[1;34mINFO[m] Parameter: packageName, Value: com.jsp.servletfirstmock
[[1;34mINFO[m] Parameter: version, Value: 0.0.1-SNAPSHOT
[[1;34mINFO[m] [1m------------------------------------------------------------------------[m
[[1;34mINFO[m] [1;31mBUILD FAILURE[m
[[1;34mINFO[m] [1m------------------------------------------------------------------------[m
[[1;34mINFO[m] Total time:  03:08 min
[[1;34mINFO[m] Finished at: 2023-05-22T17:27:03+05:30
[[1;34mINFO[m] [1m------------------------------------------------------------------------[m
[[1;31mERROR[m] Failed to execute goal [32morg.apache.maven.plugins:maven-archetype-plugin:3.2.1:generate[m [1m(default-cli)[m on project [36mstandalone-pom[m: [1;31mUnable to add module to the current project as it is not of packaging type 'pom'[m -> [1m[Help 1][m
[[1;31mERROR[m] 
[[1;31mERROR[m] To see the full stack trace of the errors, re-run Maven with the [1m-e[m switch.
[[1;31mERROR[m] Re-run Maven using the [1m-X[m switch to enable full debug logging.
[[1;31mERROR[m] 
[[1;31mERROR[m] For more information about the errors and possible solutions, please read the following articles:
[[1;31mERROR[m] [1m[Help 1][m http://cwiki.apache.org/confluence/display/MAVEN/MojoFailureException

"===============================================================
	at org.eclipse.m2e.internal.launch.EclipseMavenLauncher$1.lambda$4(EclipseMavenLauncher.java:120)
	at java.base/java.util.Optional.ifPresent(Optional.java:178)
	at org.eclipse.m2e.internal.launch.EclipseMavenLauncher$1.launchesTerminated(EclipseMavenLauncher.java:107)
	at org.eclipse.debug.internal.core.LaunchManager$LaunchesNotifier.run(LaunchManager.java:305)
	at org.eclipse.core.runtime.SafeRunner.run(SafeRunner.java:45)
	at org.eclipse.debug.internal.core.LaunchManager$LaunchesNotifier.notify(LaunchManager.java:262)
	at org.eclipse.debug.internal.core.LaunchManager.fireUpdate(LaunchManager.java:1057)
	at org.eclipse.debug.core.Launch.fireTerminate(Launch.java:479)
	at org.eclipse.debug.core.Launch.handleDebugEvents(Launch.java:644)
	at org.eclipse.debug.core.DebugPlugin$EventNotifier.run(DebugPlugin.java:1226)
	at org.eclipse.core.runtime.SafeRunner.run(SafeRunner.java:45)
	at org.eclipse.debug.core.DebugPlugin$EventNotifier.dispatch(DebugPlugin.java:1260)
	at org.eclipse.debug.core.DebugPlugin$EventDispatchJob.run(DebugPlugin.java:492)
	... 1 more

!ENTRY org.eclipse.m2e.core.ui 4 0 2023-05-22 17:29:20.753
!MESSAGE Failed to create project.
!STACK 0
java.util.concurrent.ExecutionException: java.lang.IllegalStateException: Process exit value was 1. Console printout:
===============================================================
[[1;34mINFO[m] Scanning for projects...
Downloading from : https://repo.maven.apache.org/maven2/org/codehaus/mojo/maven-metadata.xml
Downloading from : https://repo.maven.apache.org/maven2/org/apache/maven/plugins/maven-metadata.xml
Progress (1): 8.2/21 kBProgress (1): 8.2/21 kBProgress (1): 4.2/21 kBProgress (2): 4.2/21 kB | 8.2/14 kBProgress (2): 4.2/21 kB | 6.1/14 kB                                   Downloaded from : https://repo.maven.apache.org/maven2/org/apache/maven/plugins/maven-metadata.xml (14 kB at 6.2 kB/s)
Downloaded from : https://repo.maven.apache.org/maven2/org/codehaus/mojo/maven-metadata.xml (21 kB at 8.9 kB/s)
Downloading from : https://repo.maven.apache.org/maven2/org/apache/maven/plugins/maven-archetype-plugin/maven-metadata.xml
Progress (1): 980 B                   Downloaded from : https://repo.maven.apache.org/maven2/org/apache/maven/plugins/maven-archetype-plugin/maven-metadata.xml (980 B at 2.7 kB/s)
[[1;34mINFO[m] 
[[1;34mINFO[m] [1m------------------< [0;36morg.apache.maven:standalone-pom[0;1m >-------------------[m
[[1;34mINFO[m] [1mBuilding Maven Stub Project (No POM) 1[m
[[1;34mINFO[m] [1m--------------------------------[ pom ]---------------------------------[m
[[1;34mINFO[m] 
[[1;34mINFO[m] [1m>>> [0;32mmaven-archetype-plugin:3.2.1:generate[m [1m(default-cli)[0;1m > [0;1mgenerate-sources[m @ [36mstandalone-pom[0;1m >>>[m
[[1;34mINFO[m] 
[[1;34mINFO[m] [1m<<< [0;32mmaven-archetype-plugin:3.2.1:generate[m [1m(default-cli)[0;1m < [0;1mgenerate-sources[m @ [36mstandalone-pom[0;1m <<<[m
[[1;34mINFO[m] 
[[1;34mINFO[m] 
[[1;34mINFO[m] [1m--- [0;32mmaven-archetype-plugin:3.2.1:generate[m [1m(default-cli)[m @ [36mstandalone-pom[0;1m ---[m
[[1;34mINFO[m] Generating project in Interactive mode
[[1;34mINFO[m] Archetype repository not defined. Using the one from [org.apache.maven.archetypes:maven-archetype-webapp:1.4] found in catalog remote
[[1;34mINFO[m] Using property: groupId = com.jsp
[[1;34mINFO[m] Using property: artifactId = servlet
[[1;34mINFO[m] Using property: version = 0.0.1-SNAPSHOT
[[1;34mINFO[m] Using property: package = com.jsp.servlet
Confirm properties configuration:
groupId: com.jsp
artifactId: servlet
version: 0.0.1-SNAPSHOT
package: com.jsp.servlet
 Y: : [[1;34mINFO[m] ----------------------------------------------------------------------------
[[1;34mINFO[m] Using following parameters for creating project from Old (1.x) Archetype: maven-archetype-webapp:1.0
[[1;34mINFO[m] ----------------------------------------------------------------------------
[[1;34mINFO[m] Parameter: basedir, Value: C:\Users\H Prasannakumar\Desktop\servlet_crud1
[[1;34mINFO[m] Parameter: package, Value: com.jsp.servlet
[[1;34mINFO[m] Parameter: groupId, Value: com.jsp
[[1;34mINFO[m] Parameter: artifactId, Value: servlet
[[1;34mINFO[m] Parameter: packageName, Value: com.jsp.servlet
[[1;34mINFO[m] Parameter: version, Value: 0.0.1-SNAPSHOT
[[1;34mINFO[m] [1m------------------------------------------------------------------------[m
[[1;34mINFO[m] [1;31mBUILD FAILURE[m
[[1;34mINFO[m] [1m------------------------------------------------------------------------[m
[[1;34mINFO[m] Total time:  26.789 s
[[1;34mINFO[m] Finished at: 2023-05-22T17:29:20+05:30
[[1;34mINFO[m] [1m------------------------------------------------------------------------[m
[[1;31mERROR[m] Failed to execute goal [32morg.apache.maven.plugins:maven-archetype-plugin:3.2.1:generate[m [1m(default-cli)[m on project [36mstandalone-pom[m: [1;31mUnable to add module to the current project as it is not of packaging type 'pom'[m -> [1m[Help 1][m
[[1;31mERROR[m] 
[[1;31mERROR[m] To see the full stack trace of the errors, re-run Maven with the [1m-e[m switch.
[[1;31mERROR[m] Re-run Maven using the [1m-X[m switch to enable full debug logging.
[[1;31mERROR[m] 
[[1;31mERROR[m] For more information about the errors and possible solutions, please read the following articles:
[[1;31mERROR[m] [1m[Help 1][m http://cwiki.apache.org/confluence/display/MAVEN/MojoFailureException

"===============================================================
	at java.base/java.util.concurrent.CompletableFuture.reportGet(CompletableFuture.java:396)
	at java.base/java.util.concurrent.CompletableFuture.get(CompletableFuture.java:2073)
	at org.eclipse.m2e.core.ui.internal.archetype.ArchetypeGenerator.createArchetypeProjects(ArchetypeGenerator.java:164)
	at org.eclipse.m2e.core.ui.internal.wizards.MavenProjectWizard$3.doCreateMavenProjects(MavenProjectWizard.java:246)
	at org.eclipse.m2e.core.ui.internal.wizards.AbstractCreateMavenProjectJob$1.doCreateMavenProjects(AbstractCreateMavenProjectJob.java:51)
	at org.eclipse.m2e.core.ui.internal.wizards.AbstractCreateMavenProjectsOperation.run(AbstractCreateMavenProjectsOperation.java:56)
	at org.eclipse.m2e.core.ui.internal.wizards.AbstractCreateMavenProjectJob.runInWorkspace(AbstractCreateMavenProjectJob.java:55)
	at org.eclipse.core.internal.resources.InternalWorkspaceJob.run(InternalWorkspaceJob.java:43)
	at org.eclipse.core.internal.jobs.Worker.run(Worker.java:63)
Caused by: java.lang.IllegalStateException: Process exit value was 1. Console printout:
===============================================================
[[1;34mINFO[m] Scanning for projects...
Downloading from : https://repo.maven.apache.org/maven2/org/codehaus/mojo/maven-metadata.xml
Downloading from : https://repo.maven.apache.org/maven2/org/apache/maven/plugins/maven-metadata.xml
Progress (1): 8.2/21 kBProgress (1): 8.2/21 kBProgress (1): 4.2/21 kBProgress (2): 4.2/21 kB | 8.2/14 kBProgress (2): 4.2/21 kB | 6.1/14 kB                                   Downloaded from : https://repo.maven.apache.org/maven2/org/apache/maven/plugins/maven-metadata.xml (14 kB at 6.2 kB/s)
Downloaded from : https://repo.maven.apache.org/maven2/org/codehaus/mojo/maven-metadata.xml (21 kB at 8.9 kB/s)
Downloading from : https://repo.maven.apache.org/maven2/org/apache/maven/plugins/maven-archetype-plugin/maven-metadata.xml
Progress (1): 980 B                   Downloaded from : https://repo.maven.apache.org/maven2/org/apache/maven/plugins/maven-archetype-plugin/maven-metadata.xml (980 B at 2.7 kB/s)
[[1;34mINFO[m] 
[[1;34mINFO[m] [1m------------------< [0;36morg.apache.maven:standalone-pom[0;1m >-------------------[m
[[1;34mINFO[m] [1mBuilding Maven Stub Project (No POM) 1[m
[[1;34mINFO[m] [1m--------------------------------[ pom ]---------------------------------[m
[[1;34mINFO[m] 
[[1;34mINFO[m] [1m>>> [0;32mmaven-archetype-plugin:3.2.1:generate[m [1m(default-cli)[0;1m > [0;1mgenerate-sources[m @ [36mstandalone-pom[0;1m >>>[m
[[1;34mINFO[m] 
[[1;34mINFO[m] [1m<<< [0;32mmaven-archetype-plugin:3.2.1:generate[m [1m(default-cli)[0;1m < [0;1mgenerate-sources[m @ [36mstandalone-pom[0;1m <<<[m
[[1;34mINFO[m] 
[[1;34mINFO[m] 
[[1;34mINFO[m] [1m--- [0;32mmaven-archetype-plugin:3.2.1:generate[m [1m(default-cli)[m @ [36mstandalone-pom[0;1m ---[m
[[1;34mINFO[m] Generating project in Interactive mode
[[1;34mINFO[m] Archetype repository not defined. Using the one from [org.apache.maven.archetypes:maven-archetype-webapp:1.4] found in catalog remote
[[1;34mINFO[m] Using property: groupId = com.jsp
[[1;34mINFO[m] Using property: artifactId = servlet
[[1;34mINFO[m] Using property: version = 0.0.1-SNAPSHOT
[[1;34mINFO[m] Using property: package = com.jsp.servlet
Confirm properties configuration:
groupId: com.jsp
artifactId: servlet
version: 0.0.1-SNAPSHOT
package: com.jsp.servlet
 Y: : [[1;34mINFO[m] ----------------------------------------------------------------------------
[[1;34mINFO[m] Using following parameters for creating project from Old (1.x) Archetype: maven-archetype-webapp:1.0
[[1;34mINFO[m] ----------------------------------------------------------------------------
[[1;34mINFO[m] Parameter: basedir, Value: C:\Users\H Prasannakumar\Desktop\servlet_crud1
[[1;34mINFO[m] Parameter: package, Value: com.jsp.servlet
[[1;34mINFO[m] Parameter: groupId, Value: com.jsp
[[1;34mINFO[m] Parameter: artifactId, Value: servlet
[[1;34mINFO[m] Parameter: packageName, Value: com.jsp.servlet
[[1;34mINFO[m] Parameter: version, Value: 0.0.1-SNAPSHOT
[[1;34mINFO[m] [1m------------------------------------------------------------------------[m
[[1;34mINFO[m] [1;31mBUILD FAILURE[m
[[1;34mINFO[m] [1m------------------------------------------------------------------------[m
[[1;34mINFO[m] Total time:  26.789 s
[[1;34mINFO[m] Finished at: 2023-05-22T17:29:20+05:30
[[1;34mINFO[m] [1m------------------------------------------------------------------------[m
[[1;31mERROR[m] Failed to execute goal [32morg.apache.maven.plugins:maven-archetype-plugin:3.2.1:generate[m [1m(default-cli)[m on project [36mstandalone-pom[m: [1;31mUnable to add module to the current project as it is not of packaging type 'pom'[m -> [1m[Help 1][m
[[1;31mERROR[m] 
[[1;31mERROR[m] To see the full stack trace of the errors, re-run Maven with the [1m-e[m switch.
[[1;31mERROR[m] Re-run Maven using the [1m-X[m switch to enable full debug logging.
[[1;31mERROR[m] 
[[1;31mERROR[m] For more information about the errors and possible solutions, please read the following articles:
[[1;31mERROR[m] [1m[Help 1][m http://cwiki.apache.org/confluence/display/MAVEN/MojoFailureException

"===============================================================
	at org.eclipse.m2e.internal.launch.EclipseMavenLauncher$1.lambda$4(EclipseMavenLauncher.java:120)
	at java.base/java.util.Optional.ifPresent(Optional.java:178)
	at org.eclipse.m2e.internal.launch.EclipseMavenLauncher$1.launchesTerminated(EclipseMavenLauncher.java:107)
	at org.eclipse.debug.internal.core.LaunchManager$LaunchesNotifier.run(LaunchManager.java:305)
	at org.eclipse.core.runtime.SafeRunner.run(SafeRunner.java:45)
	at org.eclipse.debug.internal.core.LaunchManager$LaunchesNotifier.notify(LaunchManager.java:262)
	at org.eclipse.debug.internal.core.LaunchManager.fireUpdate(LaunchManager.java:1057)
	at org.eclipse.debug.core.Launch.fireTerminate(Launch.java:479)
	at org.eclipse.debug.core.Launch.handleDebugEvents(Launch.java:644)
	at org.eclipse.debug.core.DebugPlugin$EventNotifier.run(DebugPlugin.java:1226)
	at org.eclipse.core.runtime.SafeRunner.run(SafeRunner.java:45)
	at org.eclipse.debug.core.DebugPlugin$EventNotifier.dispatch(DebugPlugin.java:1260)
	at org.eclipse.debug.core.DebugPlugin$EventDispatchJob.run(DebugPlugin.java:492)
	... 1 more

!ENTRY org.eclipse.m2e.core.ui 4 0 2023-05-22 17:32:10.760
!MESSAGE Failed to create project.
!STACK 0
java.util.concurrent.ExecutionException: java.lang.IllegalStateException: Process exit value was 1. Console printout:
===============================================================
[[1;34mINFO[m] Scanning for projects...
Downloading from : https://repo.maven.apache.org/maven2/org/codehaus/mojo/maven-metadata.xml
Downloading from : https://repo.maven.apache.org/maven2/org/apache/maven/plugins/maven-metadata.xml
Progress (1): 8.2/14 kBProgress (1): 6.1/14 kBProgress (2): 6.1/14 kB | 6.3/21 kBProgress (2): 6.1/14 kB | 1.3/21 kBProgress (2): 6.1/14 kB | 8.2/21 kBProgress (2): 6.1/14 kB | 4.8/21 kB                                   Downloaded from : https://repo.maven.apache.org/maven2/org/apache/maven/plugins/maven-metadata.xml (14 kB at 9.5 kB/s)
Downloaded from : https://repo.maven.apache.org/maven2/org/codehaus/mojo/maven-metadata.xml (21 kB at 13 kB/s)
Downloading from : https://repo.maven.apache.org/maven2/org/apache/maven/plugins/maven-archetype-plugin/maven-metadata.xml
Progress (1): 980 B                   Downloaded from : https://repo.maven.apache.org/maven2/org/apache/maven/plugins/maven-archetype-plugin/maven-metadata.xml (980 B at 3.0 kB/s)
[[1;34mINFO[m] 
[[1;34mINFO[m] [1m------------------< [0;36morg.apache.maven:standalone-pom[0;1m >-------------------[m
[[1;34mINFO[m] [1mBuilding Maven Stub Project (No POM) 1[m
[[1;34mINFO[m] [1m--------------------------------[ pom ]---------------------------------[m
[[1;34mINFO[m] 
[[1;34mINFO[m] [1m>>> [0;32mmaven-archetype-plugin:3.2.1:generate[m [1m(default-cli)[0;1m > [0;1mgenerate-sources[m @ [36mstandalone-pom[0;1m >>>[m
[[1;34mINFO[m] 
[[1;34mINFO[m] [1m<<< [0;32mmaven-archetype-plugin:3.2.1:generate[m [1m(default-cli)[0;1m < [0;1mgenerate-sources[m @ [36mstandalone-pom[0;1m <<<[m
[[1;34mINFO[m] 
[[1;34mINFO[m] 
[[1;34mINFO[m] [1m--- [0;32mmaven-archetype-plugin:3.2.1:generate[m [1m(default-cli)[m @ [36mstandalone-pom[0;1m ---[m
[[1;34mINFO[m] Generating project in Interactive mode
[[1;34mINFO[m] Archetype repository not defined. Using the one from [org.apache.maven.archetypes:maven-archetype-webapp:1.4] found in catalog remote
[[1;34mINFO[m] Using property: groupId = com.jsp
[[1;34mINFO[m] Using property: artifactId = servlet
[[1;34mINFO[m] Using property: version = 0.0.1-SNAPSHOT
[[1;34mINFO[m] Using property: package = com.jsp.servlet
Confirm properties configuration:
groupId: com.jsp
artifactId: servlet
version: 0.0.1-SNAPSHOT
package: com.jsp.servlet
 Y: : [[1;34mINFO[m] ----------------------------------------------------------------------------
[[1;34mINFO[m] Using following parameters for creating project from Old (1.x) Archetype: maven-archetype-webapp:1.0
[[1;34mINFO[m] ----------------------------------------------------------------------------
[[1;34mINFO[m] Parameter: basedir, Value: C:\Users\H Prasannakumar\Desktop\servlet_crud1
[[1;34mINFO[m] Parameter: package, Value: com.jsp.servlet
[[1;34mINFO[m] Parameter: groupId, Value: com.jsp
[[1;34mINFO[m] Parameter: artifactId, Value: servlet
[[1;34mINFO[m] Parameter: packageName, Value: com.jsp.servlet
[[1;34mINFO[m] Parameter: version, Value: 0.0.1-SNAPSHOT
[[1;34mINFO[m] [1m------------------------------------------------------------------------[m
[[1;34mINFO[m] [1;31mBUILD FAILURE[m
[[1;34mINFO[m] [1m------------------------------------------------------------------------[m
[[1;34mINFO[m] Total time:  02:05 min
[[1;34mINFO[m] Finished at: 2023-05-22T17:32:10+05:30
[[1;34mINFO[m] [1m------------------------------------------------------------------------[m
[[1;31mERROR[m] Failed to execute goal [32morg.apache.maven.plugins:maven-archetype-plugin:3.2.1:generate[m [1m(default-cli)[m on project [36mstandalone-pom[m: [1;31mUnable to add module to the current project as it is not of packaging type 'pom'[m -> [1m[Help 1][m
[[1;31mERROR[m] 
[[1;31mERROR[m] To see the full stack trace of the errors, re-run Maven with the [1m-e[m switch.
[[1;31mERROR[m] Re-run Maven using the [1m-X[m switch to enable full debug logging.
[[1;31mERROR[m] 
[[1;31mERROR[m] For more information about the errors and possible solutions, please read the following articles:
[[1;31mERROR[m] [1m[Help 1][m http://cwiki.apache.org/confluence/display/MAVEN/MojoFailureException

"===============================================================
	at java.base/java.util.concurrent.CompletableFuture.reportGet(CompletableFuture.java:396)
	at java.base/java.util.concurrent.CompletableFuture.get(CompletableFuture.java:2073)
	at org.eclipse.m2e.core.ui.internal.archetype.ArchetypeGenerator.createArchetypeProjects(ArchetypeGenerator.java:164)
	at org.eclipse.m2e.core.ui.internal.wizards.MavenProjectWizard$3.doCreateMavenProjects(MavenProjectWizard.java:246)
	at org.eclipse.m2e.core.ui.internal.wizards.AbstractCreateMavenProjectJob$1.doCreateMavenProjects(AbstractCreateMavenProjectJob.java:51)
	at org.eclipse.m2e.core.ui.internal.wizards.AbstractCreateMavenProjectsOperation.run(AbstractCreateMavenProjectsOperation.java:56)
	at org.eclipse.m2e.core.ui.internal.wizards.AbstractCreateMavenProjectJob.runInWorkspace(AbstractCreateMavenProjectJob.java:55)
	at org.eclipse.core.internal.resources.InternalWorkspaceJob.run(InternalWorkspaceJob.java:43)
	at org.eclipse.core.internal.jobs.Worker.run(Worker.java:63)
Caused by: java.lang.IllegalStateException: Process exit value was 1. Console printout:
===============================================================
[[1;34mINFO[m] Scanning for projects...
Downloading from : https://repo.maven.apache.org/maven2/org/codehaus/mojo/maven-metadata.xml
Downloading from : https://repo.maven.apache.org/maven2/org/apache/maven/plugins/maven-metadata.xml
Progress (1): 8.2/14 kBProgress (1): 6.1/14 kBProgress (2): 6.1/14 kB | 6.3/21 kBProgress (2): 6.1/14 kB | 1.3/21 kBProgress (2): 6.1/14 kB | 8.2/21 kBProgress (2): 6.1/14 kB | 4.8/21 kB                                   Downloaded from : https://repo.maven.apache.org/maven2/org/apache/maven/plugins/maven-metadata.xml (14 kB at 9.5 kB/s)
Downloaded from : https://repo.maven.apache.org/maven2/org/codehaus/mojo/maven-metadata.xml (21 kB at 13 kB/s)
Downloading from : https://repo.maven.apache.org/maven2/org/apache/maven/plugins/maven-archetype-plugin/maven-metadata.xml
Progress (1): 980 B                   Downloaded from : https://repo.maven.apache.org/maven2/org/apache/maven/plugins/maven-archetype-plugin/maven-metadata.xml (980 B at 3.0 kB/s)
[[1;34mINFO[m] 
[[1;34mINFO[m] [1m------------------< [0;36morg.apache.maven:standalone-pom[0;1m >-------------------[m
[[1;34mINFO[m] [1mBuilding Maven Stub Project (No POM) 1[m
[[1;34mINFO[m] [1m--------------------------------[ pom ]---------------------------------[m
[[1;34mINFO[m] 
[[1;34mINFO[m] [1m>>> [0;32mmaven-archetype-plugin:3.2.1:generate[m [1m(default-cli)[0;1m > [0;1mgenerate-sources[m @ [36mstandalone-pom[0;1m >>>[m
[[1;34mINFO[m] 
[[1;34mINFO[m] [1m<<< [0;32mmaven-archetype-plugin:3.2.1:generate[m [1m(default-cli)[0;1m < [0;1mgenerate-sources[m @ [36mstandalone-pom[0;1m <<<[m
[[1;34mINFO[m] 
[[1;34mINFO[m] 
[[1;34mINFO[m] [1m--- [0;32mmaven-archetype-plugin:3.2.1:generate[m [1m(default-cli)[m @ [36mstandalone-pom[0;1m ---[m
[[1;34mINFO[m] Generating project in Interactive mode
[[1;34mINFO[m] Archetype repository not defined. Using the one from [org.apache.maven.archetypes:maven-archetype-webapp:1.4] found in catalog remote
[[1;34mINFO[m] Using property: groupId = com.jsp
[[1;34mINFO[m] Using property: artifactId = servlet
[[1;34mINFO[m] Using property: version = 0.0.1-SNAPSHOT
[[1;34mINFO[m] Using property: package = com.jsp.servlet
Confirm properties configuration:
groupId: com.jsp
artifactId: servlet
version: 0.0.1-SNAPSHOT
package: com.jsp.servlet
 Y: : [[1;34mINFO[m] ----------------------------------------------------------------------------
[[1;34mINFO[m] Using following parameters for creating project from Old (1.x) Archetype: maven-archetype-webapp:1.0
[[1;34mINFO[m] ----------------------------------------------------------------------------
[[1;34mINFO[m] Parameter: basedir, Value: C:\Users\H Prasannakumar\Desktop\servlet_crud1
[[1;34mINFO[m] Parameter: package, Value: com.jsp.servlet
[[1;34mINFO[m] Parameter: groupId, Value: com.jsp
[[1;34mINFO[m] Parameter: artifactId, Value: servlet
[[1;34mINFO[m] Parameter: packageName, Value: com.jsp.servlet
[[1;34mINFO[m] Parameter: version, Value: 0.0.1-SNAPSHOT
[[1;34mINFO[m] [1m------------------------------------------------------------------------[m
[[1;34mINFO[m] [1;31mBUILD FAILURE[m
[[1;34mINFO[m] [1m------------------------------------------------------------------------[m
[[1;34mINFO[m] Total time:  02:05 min
[[1;34mINFO[m] Finished at: 2023-05-22T17:32:10+05:30
[[1;34mINFO[m] [1m------------------------------------------------------------------------[m
[[1;31mERROR[m] Failed to execute goal [32morg.apache.maven.plugins:maven-archetype-plugin:3.2.1:generate[m [1m(default-cli)[m on project [36mstandalone-pom[m: [1;31mUnable to add module to the current project as it is not of packaging type 'pom'[m -> [1m[Help 1][m
[[1;31mERROR[m] 
[[1;31mERROR[m] To see the full stack trace of the errors, re-run Maven with the [1m-e[m switch.
[[1;31mERROR[m] Re-run Maven using the [1m-X[m switch to enable full debug logging.
[[1;31mERROR[m] 
[[1;31mERROR[m] For more information about the errors and possible solutions, please read the following articles:
[[1;31mERROR[m] [1m[Help 1][m http://cwiki.apache.org/confluence/display/MAVEN/MojoFailureException

"===============================================================
	at org.eclipse.m2e.internal.launch.EclipseMavenLauncher$1.lambda$4(EclipseMavenLauncher.java:120)
	at java.base/java.util.Optional.ifPresent(Optional.java:178)
	at org.eclipse.m2e.internal.launch.EclipseMavenLauncher$1.launchesTerminated(EclipseMavenLauncher.java:107)
	at org.eclipse.debug.internal.core.LaunchManager$LaunchesNotifier.run(LaunchManager.java:305)
	at org.eclipse.core.runtime.SafeRunner.run(SafeRunner.java:45)
	at org.eclipse.debug.internal.core.LaunchManager$LaunchesNotifier.notify(LaunchManager.java:262)
	at org.eclipse.debug.internal.core.LaunchManager.fireUpdate(LaunchManager.java:1057)
	at org.eclipse.debug.core.Launch.fireTerminate(Launch.java:479)
	at org.eclipse.debug.core.Launch.handleDebugEvents(Launch.java:644)
	at org.eclipse.debug.core.DebugPlugin$EventNotifier.run(DebugPlugin.java:1226)
	at org.eclipse.core.runtime.SafeRunner.run(SafeRunner.java:45)
	at org.eclipse.debug.core.DebugPlugin$EventNotifier.dispatch(DebugPlugin.java:1260)
	at org.eclipse.debug.core.DebugPlugin$EventDispatchJob.run(DebugPlugin.java:492)
	... 1 more
!SESSION 2023-05-23 12:00:30.010 -----------------------------------------------
eclipse.buildId=4.27.0.20230309-1200
java.version=17.0.6
java.vendor=Eclipse Adoptium
BootLoader constants: OS=win32, ARCH=x86_64, WS=win32, NL=en_IN
Framework arguments:  -product org.eclipse.epp.package.jee.product
Command-line arguments:  -os win32 -ws win32 -arch x86_64 -product org.eclipse.epp.package.jee.product

!ENTRY ch.qos.logback.classic 1 0 2023-05-23 12:00:31.210
!MESSAGE Activated before the state location was initialized. Retry after the state location is initialized.

!ENTRY ch.qos.logback.classic 1 0 2023-05-23 12:00:41.955
!MESSAGE Logback config file: C:\Users\H Prasannakumar\Desktop\servlet_crud1\.metadata\.plugins\org.eclipse.m2e.logback\logback.2.1.100.20230106-1511.xml

!ENTRY org.eclipse.jface 2 0 2023-05-23 12:00:44.648
!MESSAGE Keybinding conflicts occurred.  They may interfere with normal accelerator operation.
!SUBENTRY 1 org.eclipse.jface 2 0 2023-05-23 12:00:44.648
!MESSAGE A conflict occurred for CTRL+SHIFT+T:
Binding(CTRL+SHIFT+T,
	ParameterizedCommand(Command(org.eclipse.jdt.ui.navigate.open.type,Open Type,
		Open a type in a Java editor,
		Category(org.eclipse.ui.category.navigate,Navigate,null,true),
		WorkbenchHandlerServiceHandler("org.eclipse.jdt.ui.navigate.open.type"),
		,,true),null),
	org.eclipse.ui.defaultAcceleratorConfiguration,
	org.eclipse.ui.contexts.window,,,system)
Binding(CTRL+SHIFT+T,
	ParameterizedCommand(Command(org.eclipse.lsp4e.symbolinworkspace,Go to Symbol in Workspace,
		,
		Category(org.eclipse.lsp4e.category,Language Servers,null,true),
		WorkbenchHandlerServiceHandler("org.eclipse.lsp4e.symbolinworkspace"),
		,,true),null),
	org.eclipse.ui.defaultAcceleratorConfiguration,
	org.eclipse.ui.contexts.window,,,system)
!SUBENTRY 1 org.eclipse.jface 2 0 2023-05-23 12:00:44.648
!MESSAGE A conflict occurred for ALT+SHIFT+R:
Binding(ALT+SHIFT+R,
	ParameterizedCommand(Command(org.eclipse.jdt.ui.edit.text.java.rename.element,Rename - Refactoring ,
		Rename the selected element,
		Category(org.eclipse.jdt.ui.category.refactoring,Refactor - Java,Java Refactoring Actions,true),
		WorkbenchHandlerServiceHandler("org.eclipse.jdt.ui.edit.text.java.rename.element"),
		,,true),null),
	org.eclipse.ui.defaultAcceleratorConfiguration,
	org.eclipse.ui.contexts.window,,,system)
Binding(ALT+SHIFT+R,
	ParameterizedCommand(Command(org.eclipse.ui.edit.rename,Rename,
		Rename the selected item,
		Category(org.eclipse.ui.category.file,File,null,true),
		WorkbenchHandlerServiceHandler("org.eclipse.ui.edit.rename"),
		,,true),null),
	org.eclipse.ui.defaultAcceleratorConfiguration,
	org.eclipse.ui.contexts.window,,,system)

!ENTRY org.eclipse.egit.ui 2 0 2023-05-23 12:00:47.542
!MESSAGE Warning: The environment variable HOME is not set. The following directory will be used to store the Git
user global configuration and to define the default location to store repositories: 'C:\Users\H Prasannakumar'. If this is
not correct please set the HOME environment variable and restart Eclipse. Otherwise Git for Windows and
EGit might behave differently since they see different configuration options.
This warning can be switched off on the Team > Git > Confirmations and Warnings preference page.
